<!DOCTYPE html>
<html>
  <head>
    <meta charset="utf-8"/>
    <title>Test Report</title>
    <link href="assets/style.css" rel="stylesheet" type="text/css"/></head>
  <body onLoad="init()">
    <script>/* This Source Code Form is subject to the terms of the Mozilla Public
 * License, v. 2.0. If a copy of the MPL was not distributed with this file,
 * You can obtain one at http://mozilla.org/MPL/2.0/. */


function toArray(iter) {
    if (iter === null) {
        return null;
    }
    return Array.prototype.slice.call(iter);
}

function find(selector, elem) { // eslint-disable-line no-redeclare
    if (!elem) {
        elem = document;
    }
    return elem.querySelector(selector);
}

function find_all(selector, elem) {
    if (!elem) {
        elem = document;
    }
    return toArray(elem.querySelectorAll(selector));
}

function sort_column(elem) {
    toggle_sort_states(elem);
    const colIndex = toArray(elem.parentNode.childNodes).indexOf(elem);
    let key;
    if (elem.classList.contains('numeric')) {
        key = key_num;
    } else if (elem.classList.contains('result')) {
        key = key_result;
    } else if (elem.classList.contains('links')) {
        key = key_link;
    } else {
        key = key_alpha;
    }
    sort_table(elem, key(colIndex));
}

function show_all_extras() { // eslint-disable-line no-unused-vars
    find_all('.col-result').forEach(show_extras);
}

function hide_all_extras() { // eslint-disable-line no-unused-vars
    find_all('.col-result').forEach(hide_extras);
}

function show_extras(colresult_elem) {
    const extras = colresult_elem.parentNode.nextElementSibling;
    const expandcollapse = colresult_elem.firstElementChild;
    extras.classList.remove('collapsed');
    expandcollapse.classList.remove('expander');
    expandcollapse.classList.add('collapser');
}

function hide_extras(colresult_elem) {
    const extras = colresult_elem.parentNode.nextElementSibling;
    const expandcollapse = colresult_elem.firstElementChild;
    extras.classList.add('collapsed');
    expandcollapse.classList.remove('collapser');
    expandcollapse.classList.add('expander');
}

function show_filters() {
    const filter_items = document.getElementsByClassName('filter');
    for (let i = 0; i < filter_items.length; i++)
        filter_items[i].hidden = false;
}

function add_collapse() {
    // Add links for show/hide all
    const resulttable = find('table#results-table');
    const showhideall = document.createElement('p');
    showhideall.innerHTML = '<a href="javascript:show_all_extras()">Show all details</a> / ' +
                            '<a href="javascript:hide_all_extras()">Hide all details</a>';
    resulttable.parentElement.insertBefore(showhideall, resulttable);

    // Add show/hide link to each result
    find_all('.col-result').forEach(function(elem) {
        const collapsed = get_query_parameter('collapsed') || 'Passed';
        const extras = elem.parentNode.nextElementSibling;
        const expandcollapse = document.createElement('span');
        if (extras.classList.contains('collapsed')) {
            expandcollapse.classList.add('expander');
        } else if (collapsed.includes(elem.innerHTML)) {
            extras.classList.add('collapsed');
            expandcollapse.classList.add('expander');
        } else {
            expandcollapse.classList.add('collapser');
        }
        elem.appendChild(expandcollapse);

        elem.addEventListener('click', function(event) {
            if (event.currentTarget.parentNode.nextElementSibling.classList.contains('collapsed')) {
                show_extras(event.currentTarget);
            } else {
                hide_extras(event.currentTarget);
            }
        });
    });
}

function get_query_parameter(name) {
    const match = RegExp('[?&]' + name + '=([^&]*)').exec(window.location.search);
    return match && decodeURIComponent(match[1].replace(/\+/g, ' '));
}

function init () { // eslint-disable-line no-unused-vars
    reset_sort_headers();

    add_collapse();

    show_filters();

    sort_column(find('.initial-sort'));

    find_all('.sortable').forEach(function(elem) {
        elem.addEventListener('click',
            function() {
                sort_column(elem);
            }, false);
    });
}

function sort_table(clicked, key_func) {
    const rows = find_all('.results-table-row');
    const reversed = !clicked.classList.contains('asc');
    const sorted_rows = sort(rows, key_func, reversed);
    /* Whole table is removed here because browsers acts much slower
     * when appending existing elements.
     */
    const thead = document.getElementById('results-table-head');
    document.getElementById('results-table').remove();
    const parent = document.createElement('table');
    parent.id = 'results-table';
    parent.appendChild(thead);
    sorted_rows.forEach(function(elem) {
        parent.appendChild(elem);
    });
    document.getElementsByTagName('BODY')[0].appendChild(parent);
}

function sort(items, key_func, reversed) {
    const sort_array = items.map(function(item, i) {
        return [key_func(item), i];
    });

    sort_array.sort(function(a, b) {
        const key_a = a[0];
        const key_b = b[0];

        if (key_a == key_b) return 0;

        if (reversed) {
            return key_a < key_b ? 1 : -1;
        } else {
            return key_a > key_b ? 1 : -1;
        }
    });

    return sort_array.map(function(item) {
        const index = item[1];
        return items[index];
    });
}

function key_alpha(col_index) {
    return function(elem) {
        return elem.childNodes[1].childNodes[col_index].firstChild.data.toLowerCase();
    };
}

function key_num(col_index) {
    return function(elem) {
        return parseFloat(elem.childNodes[1].childNodes[col_index].firstChild.data);
    };
}

function key_link(col_index) {
    return function(elem) {
        const dataCell = elem.childNodes[1].childNodes[col_index].firstChild;
        return dataCell == null ? '' : dataCell.innerText.toLowerCase();
    };
}

function key_result(col_index) {
    return function(elem) {
        const strings = ['Error', 'Failed', 'Rerun', 'XFailed', 'XPassed',
            'Skipped', 'Passed'];
        return strings.indexOf(elem.childNodes[1].childNodes[col_index].firstChild.data);
    };
}

function reset_sort_headers() {
    find_all('.sort-icon').forEach(function(elem) {
        elem.parentNode.removeChild(elem);
    });
    find_all('.sortable').forEach(function(elem) {
        const icon = document.createElement('div');
        icon.className = 'sort-icon';
        icon.textContent = 'vvv';
        elem.insertBefore(icon, elem.firstChild);
        elem.classList.remove('desc', 'active');
        elem.classList.add('asc', 'inactive');
    });
}

function toggle_sort_states(elem) {
    //if active, toggle between asc and desc
    if (elem.classList.contains('active')) {
        elem.classList.toggle('asc');
        elem.classList.toggle('desc');
    }

    //if inactive, reset all other functions and add ascending active
    if (elem.classList.contains('inactive')) {
        reset_sort_headers();
        elem.classList.remove('inactive');
        elem.classList.add('active');
    }
}

function is_all_rows_hidden(value) {
    return value.hidden == false;
}

function filter_table(elem) { // eslint-disable-line no-unused-vars
    const outcome_att = 'data-test-result';
    const outcome = elem.getAttribute(outcome_att);
    const class_outcome = outcome + ' results-table-row';
    const outcome_rows = document.getElementsByClassName(class_outcome);

    for(let i = 0; i < outcome_rows.length; i++){
        outcome_rows[i].hidden = !elem.checked;
    }

    const rows = find_all('.results-table-row').filter(is_all_rows_hidden);
    const all_rows_hidden = rows.length == 0 ? true : false;
    const not_found_message = document.getElementById('not-found-message');
    not_found_message.hidden = !all_rows_hidden;
}
</script>
    <h1>index.html</h1>
    <p>Report generated on 04-Feb-2021 at 16:30:39 by <a href="https://pypi.python.org/pypi/pytest-html">pytest-html</a> v3.0.0</p>
    <h2>Environment</h2>
    <table id="environment">
      <tr>
        <td>CI</td>
        <td>true</td></tr>
      <tr>
        <td>JAVA_HOME</td>
        <td>/Library/Java/JavaVirtualMachines/adoptopenjdk-8.jdk/Contents/Home</td></tr>
      <tr>
        <td>Packages</td>
        <td>{"pluggy": "0.13.1", "py": "1.9.0", "pytest": "6.1.2"}</td></tr>
      <tr>
        <td>Platform</td>
        <td>macOS-10.15.7-x86_64-i386-64bit</td></tr>
      <tr>
        <td>Plugins</td>
        <td>{"html": "3.0.0", "json-report": "1.2.4", "metadata": "1.11.0"}</td></tr>
      <tr>
        <td>Python</td>
        <td>3.9.1</td></tr></table>
    <h2>Summary</h2>
    <p>1 tests ran in 272.87 seconds. </p>
    <p class="filter" hidden="true">(Un)check the boxes to filter the results.</p><input checked="true" class="filter" data-test-result="passed" disabled="true" hidden="true" name="filter_checkbox" onChange="filter_table(this)" type="checkbox"/><span class="passed">0 passed</span>, <input checked="true" class="filter" data-test-result="skipped" disabled="true" hidden="true" name="filter_checkbox" onChange="filter_table(this)" type="checkbox"/><span class="skipped">0 skipped</span>, <input checked="true" class="filter" data-test-result="failed" hidden="true" name="filter_checkbox" onChange="filter_table(this)" type="checkbox"/><span class="failed">1 failed</span>, <input checked="true" class="filter" data-test-result="error" disabled="true" hidden="true" name="filter_checkbox" onChange="filter_table(this)" type="checkbox"/><span class="error">0 errors</span>, <input checked="true" class="filter" data-test-result="xfailed" disabled="true" hidden="true" name="filter_checkbox" onChange="filter_table(this)" type="checkbox"/><span class="xfailed">0 expected failures</span>, <input checked="true" class="filter" data-test-result="xpassed" disabled="true" hidden="true" name="filter_checkbox" onChange="filter_table(this)" type="checkbox"/><span class="xpassed">0 unexpected passes</span>
    <h2>Results</h2>
    <table id="results-table">
      <thead id="results-table-head">
        <tr>
          <th class="sortable result initial-sort" col="result">Result</th>
          <th class="sortable" col="name">Test</th>
          <th class="sortable numeric" col="duration">Duration</th>
          <th class="sortable links" col="links">Links</th></tr>
        <tr hidden="true" id="not-found-message">
          <th colspan="4">No results found. Try to check the filters</th></tr></thead>
      <tbody class="failed results-table-row">
        <tr>
          <td class="col-result">Failed</td>
          <td class="col-name">test_ios12.py::test_IOS12</td>
          <td class="col-duration">272.19</td>
          <td class="col-links"></td></tr>
        <tr>
          <td class="extra" colspan="4">
            <div class="log">json_metadata = {}<br/><br/>    def test_IOS12(json_metadata):<br/>      ERROR_MESSAGE=&#x27;The device should auto redirect to line up page&#x27;<br/>    <br/>&gt;     driver = webdriver.Remote(&#x27;http://localhost:4723/wd/hub&#x27;, desired_caps)<br/><br/>test_ios12.py:39: <br/>_ _ _ _ _ _ _ _ _ _ _ _ _ _ _ _ _ _ _ _ _ _ _ _ _ _ _ _ _ _ _ _ _ _ _ _ _ _ _ _ <br/>../../../../.local/share/virtualenvs/github-actions-ios-emulator-tryout-GXVdVfTk/lib/python3.9/site-packages/appium/webdriver/webdriver.py:151: in __init__<br/>    super().__init__(<br/>../../../../.local/share/virtualenvs/github-actions-ios-emulator-tryout-GXVdVfTk/lib/python3.9/site-packages/selenium/webdriver/remote/webdriver.py:157: in __init__<br/>    self.start_session(capabilities, browser_profile)<br/>../../../../.local/share/virtualenvs/github-actions-ios-emulator-tryout-GXVdVfTk/lib/python3.9/site-packages/appium/webdriver/webdriver.py:225: in start_session<br/>    response = self.execute(RemoteCommand.NEW_SESSION, parameters)<br/>../../../../.local/share/virtualenvs/github-actions-ios-emulator-tryout-GXVdVfTk/lib/python3.9/site-packages/selenium/webdriver/remote/webdriver.py:321: in execute<br/>    self.error_handler.check_response(response)<br/>_ _ _ _ _ _ _ _ _ _ _ _ _ _ _ _ _ _ _ _ _ _ _ _ _ _ _ _ _ _ _ _ _ _ _ _ _ _ _ _ <br/><br/>self = &lt;selenium.webdriver.remote.errorhandler.ErrorHandler object at 0x101a69850&gt;<br/>response = {&#x27;status&#x27;: 500, &#x27;value&#x27;: &#x27;{&quot;value&quot;:{&quot;error&quot;:&quot;unknown error&quot;,&quot;message&quot;:&quot;An unknown server-side error occurred while pro...b-actions-ios-emulator-tryout/node_modules/appium/node_modules/appium-base-driver/lib/protocol/protocol.js:384:37)&quot;}}&#x27;}<br/><br/>    def check_response(self, response):<br/>        &quot;&quot;&quot;<br/>        Checks that a JSON response from the WebDriver does not have an error.<br/>    <br/>        :Args:<br/>         - response - The JSON response from the WebDriver server as a dictionary<br/>           object.<br/>    <br/>        :Raises: If the response contains an error message.<br/>        &quot;&quot;&quot;<br/>        status = response.get(&#x27;status&#x27;, None)<br/>        if status is None or status == ErrorCode.SUCCESS:<br/>            return<br/>        value = None<br/>        message = response.get(&quot;message&quot;, &quot;&quot;)<br/>        screen = response.get(&quot;screen&quot;, &quot;&quot;)<br/>        stacktrace = None<br/>        if isinstance(status, int):<br/>            value_json = response.get(&#x27;value&#x27;, None)<br/>            if value_json and isinstance(value_json, basestring):<br/>                import json<br/>                try:<br/>                    value = json.loads(value_json)<br/>                    if len(value.keys()) == 1:<br/>                        value = value[&#x27;value&#x27;]<br/>                    status = value.get(&#x27;error&#x27;, None)<br/>                    if status is None:<br/>                        status = value[&quot;status&quot;]<br/>                        message = value[&quot;value&quot;]<br/>                        if not isinstance(message, basestring):<br/>                            value = message<br/>                            message = message.get(&#x27;message&#x27;)<br/>                    else:<br/>                        message = value.get(&#x27;message&#x27;, None)<br/>                except ValueError:<br/>                    pass<br/>    <br/>        exception_class = ErrorInResponseException<br/>        if status in ErrorCode.NO_SUCH_ELEMENT:<br/>            exception_class = NoSuchElementException<br/>        elif status in ErrorCode.NO_SUCH_FRAME:<br/>            exception_class = NoSuchFrameException<br/>        elif status in ErrorCode.NO_SUCH_WINDOW:<br/>            exception_class = NoSuchWindowException<br/>        elif status in ErrorCode.STALE_ELEMENT_REFERENCE:<br/>            exception_class = StaleElementReferenceException<br/>        elif status in ErrorCode.ELEMENT_NOT_VISIBLE:<br/>            exception_class = ElementNotVisibleException<br/>        elif status in ErrorCode.INVALID_ELEMENT_STATE:<br/>            exception_class = InvalidElementStateException<br/>        elif status in ErrorCode.INVALID_SELECTOR \<br/>                or status in ErrorCode.INVALID_XPATH_SELECTOR \<br/>                or status in ErrorCode.INVALID_XPATH_SELECTOR_RETURN_TYPER:<br/>            exception_class = InvalidSelectorException<br/>        elif status in ErrorCode.ELEMENT_IS_NOT_SELECTABLE:<br/>            exception_class = ElementNotSelectableException<br/>        elif status in ErrorCode.ELEMENT_NOT_INTERACTABLE:<br/>            exception_class = ElementNotInteractableException<br/>        elif status in ErrorCode.INVALID_COOKIE_DOMAIN:<br/>            exception_class = InvalidCookieDomainException<br/>        elif status in ErrorCode.UNABLE_TO_SET_COOKIE:<br/>            exception_class = UnableToSetCookieException<br/>        elif status in ErrorCode.TIMEOUT:<br/>            exception_class = TimeoutException<br/>        elif status in ErrorCode.SCRIPT_TIMEOUT:<br/>            exception_class = TimeoutException<br/>        elif status in ErrorCode.UNKNOWN_ERROR:<br/>            exception_class = WebDriverException<br/>        elif status in ErrorCode.UNEXPECTED_ALERT_OPEN:<br/>            exception_class = UnexpectedAlertPresentException<br/>        elif status in ErrorCode.NO_ALERT_OPEN:<br/>            exception_class = NoAlertPresentException<br/>        elif status in ErrorCode.IME_NOT_AVAILABLE:<br/>            exception_class = ImeNotAvailableException<br/>        elif status in ErrorCode.IME_ENGINE_ACTIVATION_FAILED:<br/>            exception_class = ImeActivationFailedException<br/>        elif status in ErrorCode.MOVE_TARGET_OUT_OF_BOUNDS:<br/>            exception_class = MoveTargetOutOfBoundsException<br/>        elif status in ErrorCode.JAVASCRIPT_ERROR:<br/>            exception_class = JavascriptException<br/>        elif status in ErrorCode.SESSION_NOT_CREATED:<br/>            exception_class = SessionNotCreatedException<br/>        elif status in ErrorCode.INVALID_ARGUMENT:<br/>            exception_class = InvalidArgumentException<br/>        elif status in ErrorCode.NO_SUCH_COOKIE:<br/>            exception_class = NoSuchCookieException<br/>        elif status in ErrorCode.UNABLE_TO_CAPTURE_SCREEN:<br/>            exception_class = ScreenshotException<br/>        elif status in ErrorCode.ELEMENT_CLICK_INTERCEPTED:<br/>            exception_class = ElementClickInterceptedException<br/>        elif status in ErrorCode.INSECURE_CERTIFICATE:<br/>            exception_class = InsecureCertificateException<br/>        elif status in ErrorCode.INVALID_COORDINATES:<br/>            exception_class = InvalidCoordinatesException<br/>        elif status in ErrorCode.INVALID_SESSION_ID:<br/>            exception_class = InvalidSessionIdException<br/>        elif status in ErrorCode.UNKNOWN_METHOD:<br/>            exception_class = UnknownMethodException<br/>        else:<br/>            exception_class = WebDriverException<br/>        if value == &#x27;&#x27; or value is None:<br/>            value = response[&#x27;value&#x27;]<br/>        if isinstance(value, basestring):<br/>            if exception_class == ErrorInResponseException:<br/>                raise exception_class(response, value)<br/>            raise exception_class(value)<br/>        if message == &quot;&quot; and &#x27;message&#x27; in value:<br/>            message = value[&#x27;message&#x27;]<br/>    <br/>        screen = None<br/>        if &#x27;screen&#x27; in value:<br/>            screen = value[&#x27;screen&#x27;]<br/>    <br/>        stacktrace = None<br/>        if &#x27;stackTrace&#x27; in value and value[&#x27;stackTrace&#x27;]:<br/>            stacktrace = []<br/>            try:<br/>                for frame in value[&#x27;stackTrace&#x27;]:<br/>                    line = self._value_or_default(frame, &#x27;lineNumber&#x27;, &#x27;&#x27;)<br/>                    file = self._value_or_default(frame, &#x27;fileName&#x27;, &#x27;&lt;anonymous&gt;&#x27;)<br/>                    if line:<br/>                        file = &quot;%s:%s&quot; % (file, line)<br/>                    meth = self._value_or_default(frame, &#x27;methodName&#x27;, &#x27;&lt;anonymous&gt;&#x27;)<br/>                    if &#x27;className&#x27; in frame:<br/>                        meth = &quot;%s.%s&quot; % (frame[&#x27;className&#x27;], meth)<br/>                    msg = &quot;    at %s (%s)&quot;<br/>                    msg = msg % (meth, file)<br/>                    stacktrace.append(msg)<br/>            except TypeError:<br/>                pass<br/>        if exception_class == ErrorInResponseException:<br/>            raise exception_class(response, message)<br/>        elif exception_class == UnexpectedAlertPresentException:<br/>            alert_text = None<br/>            if &#x27;data&#x27; in value:<br/>                alert_text = value[&#x27;data&#x27;].get(&#x27;text&#x27;)<br/>            elif &#x27;alert&#x27; in value:<br/>                alert_text = value[&#x27;alert&#x27;].get(&#x27;text&#x27;)<br/>            raise exception_class(message, screen, stacktrace, alert_text)<br/>&gt;       raise exception_class(message, screen, stacktrace)<br/><span class="error">E       selenium.common.exceptions.WebDriverException: Message: An unknown server-side error occurred while processing the command. Original error: Unable to launch WebDriverAgent because of xcodebuild failure: xcodebuild failed with code 65</span><br/><span class="error">E       xcodebuild error message:</span><br/><span class="error">E       </span><br/><span class="error">E       2021-02-04 16:30:35.549 xcodebuild[7718:62188] Error writing xctestrun file: Error Domain=NSCocoaErrorDomain Code=4 &quot;The folder “WebDriverAgentRunner_iphonesimulator14.3-x86_64.xctestrun” doesn’t exist.&quot; UserInfo={NSFilePath=/Users/runner/Library/Developer/Xcode/DerivedData/WebDriverAgent-echyukpzuqvwslftxvnwcfwneivx/Build/Products/WebDriverAgentRunner_iphonesimulator14.3-x86_64.xctestrun, NSUserStringVariant=Folder, NSUnderlyingError=0x7ffe26251320 {Error Domain=NSPOSIXErrorDomain Code=2 &quot;No such file or directory&quot;}}</span><br/><span class="error">E       ** TEST BUILD FAILED **</span><br/><span class="error">E       2021-02-04 16:30:35.566 xcodebuild[7718:62145]  IDETestOperationsObserverDebug: Writing diagnostic log for test session to:</span><br/><span class="error">E       /Users/runner/Library/Developer/Xcode/DerivedData/WebDriverAgent-echyukpzuqvwslftxvnwcfwneivx/Logs/Test/Test-WebDriverAgentRunner-2021.02.04_16-30-34-+0000.xcresult/Staging/2_Test/Diagnostics/WebDriverAgentRunner-43A4EC7B-4AA0-48B2-8308-25A69C1F7AB5/WebDriverAgentRunner-23B5458A-3480-4132-971E-12DF65F8A722/Session-WebDriverAgentRunner-2021-02-04_163035-GZZ5RZ.log</span><br/><span class="error">E       2021-02-04 16:30:35.567 xcodebuild[7718:62024] [MT] IDETestOperationsObserverDebug: (585CB8E6-0C42-47B0-8343-586FCA941FCE) Beginning test session WebDriverAgentRunner-585CB8E6-0C42-47B0-8343-586FCA941FCE at 2021-02-04 16:30:35.568 with Xcode 12C33 on target &lt;DVTiPhoneSimulator: 0x7ffe26b53350&gt; {</span><br/><span class="error">E       		SimDevice: iPhone 6 (EA43E390-26D2-4DC0-BC8B-6C4DE5C5555E, iOS 12.4, Booted)</span><br/><span class="error">E       } (12.4 (16G73))</span><br/><span class="error">E       2021-02-04 16:30:35.578 xcodebuild[7718:62024] [MT] IDETestOperationsObserverDebug: (585CB8E6-0C42-47B0-8343-586FCA941FCE) Finished requesting crash reports. Continuing with testing.</span><br/><span class="error">E       *** If you believe this error represents a bug, please attach the result bundle at /Users/runner/Library/Developer/Xcode/DerivedData/WebDriverAgent-echyukpzuqvwslftxvnwcfwneivx/Logs/Test/Test-WebDriverAgentRunner-2021.02.04_16-30-34-+0000.xcresult</span><br/><span class="error">E       2021-02-04 16:30:37.937 xcodebuild[7718:62024] [MT] IDETestOperationsObserverDebug: 2.377 elapsed -- Testing started completed.</span><br/><span class="error">E       2021-02-04 16:30:37.937 xcodebuild[7718:62024] [MT] IDETestOperationsObserverDebug: 0.000 sec, +0.000 sec -- start</span><br/><span class="error">E       2021-02-04 16:30:37.937 xcodebuild[7718:62024] [MT] IDETestOperationsObserverDebug: 2.377 sec, +2.377 sec -- end</span><br/><span class="error">E       Test session results, code coverage, and logs:</span><br/><span class="error">E       	/Users/runner/Library/Developer/Xcode/DerivedData/WebDriverAgent-echyukpzuqvwslftxvnwcfwneivx/Logs/Test/Test-WebDriverAgentRunner-2021.02.04_16-30-34-+0000.xcresult</span><br/><span class="error">E       Testing failed:</span><br/><span class="error">E       	Building for iOS Simulator, but the linked and embedded framework &#x27;CocoaAsyncSocket.framework&#x27; was built for iOS + iOS Simulator.</span><br/><span class="error">E       	Building for iOS Simulator, but the linked and embedded framework &#x27;YYCache.framework&#x27; was built for iOS + iOS Simulator.</span><br/><span class="error">E       	Building for iOS Simulator, but the embedded framework &#x27;CocoaAsyncSocket.framework&#x27; was built for iOS + iOS Simulator.</span><br/><span class="error">E       	Building for iOS Simulator, but the embedded framework &#x27;YYCache.framework&#x27; was built for iOS + iOS Simulator.</span><br/><span class="error">E       	WebDriverAgentRunner:</span><br/><span class="error">E       		WebDriverAgentRunner-Runner.app encountered an error (Failed to install or launch the test runner. If you believe this error represents a bug, please attach the result bundle at /Users/runner/Library/Developer/Xcode/DerivedData/WebDriverAgent-echyukpzuqvwslftxvnwcfwneivx/Logs/Test/Test-WebDriverAgentRunner-2021.02.04_16-30-34-+0000.xcresult. (Underlying Error: Cannot launch simulated executable: no file found at /Users/runner/Library/Developer/Xcode/DerivedData/WebDriverAgent-echyukpzuqvwslftxvnwcfwneivx/Build/Products/Debug-iphonesimulator/WebDriverAgentRunner-Runner.app))</span><br/><span class="error">E       ** TEST EXECUTE FAILED **</span><br/><span class="error">E       Testing started</span><br/><br/>../../../../.local/share/virtualenvs/github-actions-ios-emulator-tryout-GXVdVfTk/lib/python3.9/site-packages/selenium/webdriver/remote/errorhandler.py:242: WebDriverException<br/></div></td></tr></tbody></table></body></html>